WARNING - 2025-08-27 00:07:32 --> Skipping record with malformed WKT: POLYGON EMPTY...
INFO - 2025-08-27 00:07:39 --> Successfully imported 20504 records using PHP Shapefile reader
CRITICAL - 2025-08-27 00:10:50 --> ErrorException: Maximum execution time of 120 seconds exceeded
[Method: POST, Route: api/upload/shapefile]
in SYSTEMPATH\Database\Postgre\Connection.php on line 206.
 1 [internal function]: CodeIgniter\Debug\Exceptions->shutdownHandler()
WARNING - 2025-08-27 06:46:32 --> Skipping record with malformed WKT: POLYGON EMPTY...
INFO - 2025-08-27 06:46:42 --> Successfully imported 20504 records using PHP Shapefile reader
CRITICAL - 2025-08-27 06:49:50 --> ErrorException: Maximum execution time of 120 seconds exceeded
[Method: POST, Route: api/upload/shapefile]
in SYSTEMPATH\Database\Postgre\Connection.php on line 206.
 1 [internal function]: CodeIgniter\Debug\Exceptions->shutdownHandler()
WARNING - 2025-08-27 06:50:31 --> Skipping record with malformed WKT: POLYGON EMPTY...
INFO - 2025-08-27 06:50:40 --> Successfully imported 20504 records using PHP Shapefile reader
CRITICAL - 2025-08-27 06:53:40 --> ErrorException: Maximum execution time of 120 seconds exceeded
[Method: POST, Route: api/upload/shapefile]
in SYSTEMPATH\Database\Postgre\Connection.php on line 206.
 1 [internal function]: CodeIgniter\Debug\Exceptions->shutdownHandler()
WARNING - 2025-08-27 18:52:13 --> Skipping record with malformed WKT: POLYGON EMPTY...
INFO - 2025-08-27 18:52:19 --> Successfully imported 20504 records using PHP Shapefile reader
CRITICAL - 2025-08-27 18:55:55 --> ErrorException: Maximum execution time of 120 seconds exceeded
[Method: POST, Route: api/upload/shapefile]
in SYSTEMPATH\Database\Postgre\Connection.php on line 206.
 1 [internal function]: CodeIgniter\Debug\Exceptions->shutdownHandler()
WARNING - 2025-08-27 19:02:30 --> Skipping record with malformed WKT: POLYGON EMPTY...
INFO - 2025-08-27 19:02:37 --> Successfully imported 20504 records using PHP Shapefile reader
CRITICAL - 2025-08-27 19:06:14 --> ErrorException: Maximum execution time of 120 seconds exceeded
[Method: POST, Route: api/upload/shapefile]
in SYSTEMPATH\Database\Postgre\Connection.php on line 206.
 1 [internal function]: CodeIgniter\Debug\Exceptions->shutdownHandler()
WARNING - 2025-08-27 19:13:25 --> Skipping record with malformed WKT: POLYGON EMPTY...
INFO - 2025-08-27 19:13:33 --> Successfully imported 20504 records using PHP Shapefile reader
CRITICAL - 2025-08-27 19:17:25 --> ErrorException: Maximum execution time of 120 seconds exceeded
[Method: POST, Route: api/upload/shapefile]
in SYSTEMPATH\Database\Postgre\Connection.php on line 206.
 1 [internal function]: CodeIgniter\Debug\Exceptions->shutdownHandler()
WARNING - 2025-08-27 19:21:46 --> Skipping record with malformed WKT: POLYGON EMPTY...
INFO - 2025-08-27 19:21:55 --> Successfully imported 20504 records using PHP Shapefile reader
CRITICAL - 2025-08-27 19:26:07 --> ErrorException: Maximum execution time of 120 seconds exceeded
[Method: POST, Route: api/upload/shapefile]
in SYSTEMPATH\Database\Postgre\Connection.php on line 206.
 1 [internal function]: CodeIgniter\Debug\Exceptions->shutdownHandler()
WARNING - 2025-08-27 19:29:24 --> Skipping record with malformed WKT: POLYGON EMPTY...
INFO - 2025-08-27 19:29:31 --> Successfully imported 20504 records using PHP Shapefile reader
WARNING - 2025-08-27 19:49:15 --> Skipping record with malformed WKT: POLYGON EMPTY...
INFO - 2025-08-27 19:49:26 --> Successfully imported 20504 records using PHP Shapefile reader
CRITICAL - 2025-08-27 19:52:51 --> ErrorException: Maximum execution time of 120 seconds exceeded
[Method: POST, Route: api/upload/shapefile]
in SYSTEMPATH\Database\Postgre\Connection.php on line 206.
 1 [internal function]: CodeIgniter\Debug\Exceptions->shutdownHandler()
